<?xml version="1.0" encoding="UTF-8"?>
<testng-results skipped="0" failed="0" total="1" passed="1">
  <reporter-output>
  </reporter-output>
  <suite name="Default suite" duration-ms="4797" started-at="2022-04-12T10:16:22Z" finished-at="2022-04-12T10:16:26Z">
    <groups>
    </groups>
    <test name="Default test" duration-ms="4797" started-at="2022-04-12T10:16:22Z" finished-at="2022-04-12T10:16:26Z">
      <class name="casestudy_pom_opencart.VerifyLogin">
        <test-method status="PASS" signature="TestUser()[pri:0, instance:casestudy_pom_opencart.VerifyLogin@2d6a9952]" name="TestUser" duration-ms="4786" started-at="2022-04-12T15:46:22Z" finished-at="2022-04-12T15:46:26Z">
          <reporter-output>
          </reporter-output>
        </test-method> <!-- TestUser -->
      </class> <!-- casestudy_pom_opencart.VerifyLogin -->
    </test> <!-- Default test -->
  </suite> <!-- Default suite -->
</testng-results>
